Base path: 'C:/Program Files/Unity/Hub/Editor/2019.4.13f1/Editor/Data', plugins path 'C:/Program Files/Unity/Hub/Editor/2019.4.13f1/Editor/Data/PlaybackEngines'
Cmd: initializeCompiler
Cmd: initializeCompiler
Cmd: compileComputeKernel
  api=4 insize=595 outsize=479 ok=1
Cmd: compileComputeKernel
  api=4 insize=9615 outsize=4306 ok=1
Cmd: compileComputeKernel
  api=4 insize=9809 outsize=6108 ok=1
Cmd: compileComputeKernel
  api=4 insize=9809 outsize=6108 ok=1
Cmd: compileComputeKernel
  api=4 insize=9809 outsize=8685 ok=1
Cmd: compileComputeKernel
  api=4 insize=17994 outsize=7462 ok=1
Cmd: compileComputeKernel
  api=4 insize=4823 outsize=2830 ok=1
Cmd: compileComputeKernel
  api=4 insize=4823 outsize=667 ok=1
Cmd: compileComputeKernel
  api=4 insize=650 outsize=741 ok=1
Cmd: compileComputeKernel
  api=4 insize=14139 outsize=1905 ok=1
Cmd: compileComputeKernel
  api=4 insize=11086 outsize=4742 ok=1
Cmd: compileComputeKernel
  api=4 insize=40264 outsize=35859 ok=1
Cmd: compileComputeKernel
  api=4 insize=40264 outsize=37243 ok=1
Cmd: compileComputeKernel
  api=4 insize=40264 outsize=35859 ok=1
Cmd: compileComputeKernel
  api=4 insize=8511 outsize=1015 ok=1
Cmd: compileComputeKernel
  api=4 insize=1056 outsize=3163 ok=1
Cmd: compileComputeKernel
  api=4 insize=3450 outsize=1061 ok=1
Cmd: compileComputeKernel
  api=4 insize=22295 outsize=15194 ok=1
Cmd: compileComputeKernel
  api=4 insize=11494 outsize=4119 ok=1
Cmd: compileComputeKernel
  api=4 insize=2307 outsize=987 ok=1
Cmd: compileComputeKernel
  api=4 insize=8233 outsize=1857 ok=1
Cmd: compileComputeKernel
  api=4 insize=22339 outsize=1157 ok=1
Cmd: compileComputeKernel
  api=4 insize=22339 outsize=982 ok=1
Cmd: compileComputeKernel
  api=4 insize=6119 outsize=2451 ok=1
Cmd: compileComputeKernel
  api=4 insize=6119 outsize=2809 ok=1
Cmd: compileComputeKernel
  api=4 insize=6745 outsize=1808 ok=1
Cmd: compileComputeKernel
  api=4 insize=6745 outsize=988 ok=1
Cmd: compileComputeKernel
  api=4 insize=6745 outsize=1485 ok=1
Cmd: compileComputeKernel
  api=4 insize=6745 outsize=1574 ok=1
Cmd: compileComputeKernel
  api=4 insize=10112 outsize=7531 ok=1
Cmd: compileComputeKernel
  api=4 insize=11559 outsize=5585 ok=1
Cmd: compileComputeKernel
  api=4 insize=26542 outsize=15619 ok=1
Cmd: compileComputeKernel
  api=4 insize=26542 outsize=15377 ok=1
Cmd: compileComputeKernel
  api=4 insize=16295 outsize=49910 ok=1
Cmd: compileComputeKernel
  api=4 insize=16295 outsize=46939 ok=1
Cmd: compileComputeKernel
  api=4 insize=16295 outsize=39548 ok=1
Cmd: compileComputeKernel
  api=4 insize=16295 outsize=46947 ok=1
Cmd: compileComputeKernel
  api=4 insize=16295 outsize=34146 ok=1
Cmd: compileComputeKernel
  api=4 insize=16295 outsize=61072 ok=1
Cmd: compileComputeKernel
  api=4 insize=16295 outsize=50516 ok=1
Cmd: compileComputeKernel
  api=4 insize=16295 outsize=102116 ok=1
Cmd: compileComputeKernel
  api=4 insize=16295 outsize=34146 ok=1
Cmd: compileComputeKernel
  api=4 insize=16295 outsize=51313 ok=1
Cmd: compileComputeKernel
  api=4 insize=16295 outsize=50516 ok=1
Cmd: compileComputeKernel
  api=4 insize=7696 outsize=5531 ok=1
Cmd: compileComputeKernel
  api=4 insize=3922 outsize=4104 ok=1
Cmd: compileComputeKernel
  api=4 insize=28593 outsize=26555 ok=1
Cmd: compileComputeKernel
  api=4 insize=12177 outsize=1172 ok=1
Cmd: compileComputeKernel
  api=4 insize=3714 outsize=2513 ok=1
Cmd: compileComputeKernel
  api=4 insize=12756 outsize=9897 ok=1
Cmd: compileComputeKernel
  api=4 insize=8784 outsize=94215 ok=1
Cmd: compileComputeKernel
  api=4 insize=10587 outsize=3155 ok=1
Cmd: compileSnippet
  api=4 type=1 insize=7919 outsize=6866 kw=LIGHTMAP_ON DIRLIGHTMAP_COMBINED DECALS_3RT _NORMALMAP_TANGENT_SPACE _NORMALMAP _MASKMAP pd=UNITY_ENABLE_REFLECTION_BUFFERS UNITY_USE_DITHER_MASK_FOR_ALPHABLENDED_SHADOWS UNITY_PBS_USE_BRDF1 UNITY_SPECCUBE_BOX_PROJECTION UNITY_SPECCUBE_BLENDING UNITY_ENABLE_DETAIL_NORMALMAP SHADER_API_DESKTOP UNITY_LIGHT_PROBE_PROXY_VOLUME UNITY_LIGHTMAP_FULL_HDR ok=1
Cmd: compileSnippet
  api=4 type=6 insize=8171 outsize=129840 kw=_SURFACE_TYPE_TRANSPARENT _REFRACTION_SPHERE _NORMALMAP_TANGENT_SPACE _BLENDMODE_ALPHA _BLENDMODE_PRESERVE_SPECULAR_LIGHTING _ENABLE_FOG_ON_TRANSPARENT pd=UNITY_ENABLE_REFLECTION_BUFFERS UNITY_USE_DITHER_MASK_FOR_ALPHABLENDED_SHADOWS UNITY_PBS_USE_BRDF1 UNITY_SPECCUBE_BOX_PROJECTION UNITY_SPECCUBE_BLENDING UNITY_ENABLE_DETAIL_NORMALMAP SHADER_API_DESKTOP UNITY_LIGHT_PROBE_PROXY_VOLUME UNITY_LIGHTMAP_FULL_HDR ok=1
Cmd: compileSnippet
  api=4 type=6 insize=8341 outsize=123190 kw=_NORMALMAP_TANGENT_SPACE _NORMALMAP _MASKMAP pd=UNITY_ENABLE_REFLECTION_BUFFERS UNITY_USE_DITHER_MASK_FOR_ALPHABLENDED_SHADOWS UNITY_PBS_USE_BRDF1 UNITY_SPECCUBE_BOX_PROJECTION UNITY_SPECCUBE_BLENDING UNITY_ENABLE_DETAIL_NORMALMAP SHADER_API_DESKTOP UNITY_LIGHT_PROBE_PROXY_VOLUME UNITY_LIGHTMAP_FULL_HDR ok=1
Cmd: compileSnippet
  api=4 type=6 insize=7251 outsize=30755 kw=TRANSPARENT_COLOR_SHADOW _NORMALMAP_TANGENT_SPACE _MASKMAP pd=UNITY_ENABLE_REFLECTION_BUFFERS UNITY_USE_DITHER_MASK_FOR_ALPHABLENDED_SHADOWS UNITY_PBS_USE_BRDF1 UNITY_SPECCUBE_BOX_PROJECTION UNITY_SPECCUBE_BLENDING UNITY_ENABLE_DETAIL_NORMALMAP SHADER_API_DESKTOP UNITY_LIGHT_PROBE_PROXY_VOLUME UNITY_LIGHTMAP_FULL_HDR ok=1
Cmd: compileSnippet
  api=4 type=6 insize=8341 outsize=116864 kw=DIFFUSE_LIGHTING_ONLY _NORMALMAP_TANGENT_SPACE _NORMALMAP _MASKMAP pd=UNITY_ENABLE_REFLECTION_BUFFERS UNITY_USE_DITHER_MASK_FOR_ALPHABLENDED_SHADOWS UNITY_PBS_USE_BRDF1 UNITY_SPECCUBE_BOX_PROJECTION UNITY_SPECCUBE_BLENDING UNITY_ENABLE_DETAIL_NORMALMAP SHADER_API_DESKTOP UNITY_LIGHT_PROBE_PROXY_VOLUME UNITY_LIGHTMAP_FULL_HDR ok=1
Cmd: compileSnippet
  api=4 type=1 insize=7443 outsize=142 kw=_SURFACE_TYPE_TRANSPARENT _NORMALMAP_TANGENT_SPACE _BLENDMODE_ALPHA _BLENDMODE_PRESERVE_SPECULAR_LIGHTING _ENABLE_FOG_ON_TRANSPARENT pd=UNITY_ENABLE_REFLECTION_BUFFERS UNITY_USE_DITHER_MASK_FOR_ALPHABLENDED_SHADOWS UNITY_PBS_USE_BRDF1 UNITY_SPECCUBE_BOX_PROJECTION UNITY_SPECCUBE_BLENDING UNITY_ENABLE_DETAIL_NORMALMAP SHADER_API_DESKTOP UNITY_LIGHT_PROBE_PROXY_VOLUME UNITY_LIGHTMAP_FULL_HDR ok=1

Quitting shader compiler process
